0 info it worked if it ends with ok
1 verbose cli [ 'C:\\Program Files\\nodejs\\node.exe',
1 verbose cli   'C:\\Program Files\\nodejs\\node_modules\\npm\\bin\\npm-cli.js',
1 verbose cli   'run',
1 verbose cli   'gulp',
1 verbose cli   'dev' ]
2 info using npm@3.10.10
3 info using node@v6.11.2
4 verbose run-script [ 'pregulp', 'gulp', 'postgulp' ]
5 info lifecycle startbootstrap-full-slider@4.1.1~pregulp: startbootstrap-full-slider@4.1.1
6 silly lifecycle startbootstrap-full-slider@4.1.1~pregulp: no script for pregulp, continuing
7 info lifecycle startbootstrap-full-slider@4.1.1~gulp: startbootstrap-full-slider@4.1.1
8 verbose lifecycle startbootstrap-full-slider@4.1.1~gulp: unsafe-perm in lifecycle true
9 verbose lifecycle startbootstrap-full-slider@4.1.1~gulp: PATH: C:\Program Files\nodejs\node_modules\npm\bin\node-gyp-bin;C:\Temp\websites\fullwidthSlider\bootstrap\node_modules\.bin;C:\Program Files (x86)\Intel\iCLS Client\;C:\Program Files\Intel\iCLS Client\;C:\Program Files\Common Files\Microsoft Shared\Microsoft Online Services;C:\Program Files (x86)\Common Files\Microsoft Shared\Microsoft Online Services;C:\WINDOWS\system32;C:\WINDOWS\System32\Wbem;C:\WINDOWS\System32\WindowsPowerShell\v1.0\;C:\Program Files\Intel\Intel(R) Management Engine Components\DAL;C:\Program Files\Intel\Intel(R) Management Engine Components\IPT;C:\Program Files (x86)\Intel\Intel(R) Management Engine Components\DAL;C:\Program Files (x86)\Intel\Intel(R) Management Engine Components\IPT;C:\Program Files (x86)\Microsoft Application Virtualization Client;C:\WINDOWS\System32\WindowsPowerShell\v1.0\;C:\WINDOWS\System32\WindowsPowerShell\v1.0\;C:\Program Files\TortoiseSVN\bin;C:\Program Files\1E\NomadBranch\;C:\Program Files\nodejs\;;C:\Program Files (x86)\Microsoft VS Code\bin;C:\Users\lmar575\AppData\Roaming\npm
10 verbose lifecycle startbootstrap-full-slider@4.1.1~gulp: CWD: C:\Temp\websites\fullwidthSlider\bootstrap
11 silly lifecycle startbootstrap-full-slider@4.1.1~gulp: Args: [ '/d /s /c', 'gulp "dev"' ]
12 silly lifecycle startbootstrap-full-slider@4.1.1~gulp: Returned: code: 3221225786  signal: null
13 info lifecycle startbootstrap-full-slider@4.1.1~gulp: Failed to exec gulp script
14 verbose stack Error: startbootstrap-full-slider@4.1.1 gulp: `gulp "dev"`
14 verbose stack Exit status 3221225786
14 verbose stack     at EventEmitter.<anonymous> (C:\Program Files\nodejs\node_modules\npm\lib\utils\lifecycle.js:255:16)
14 verbose stack     at emitTwo (events.js:106:13)
14 verbose stack     at EventEmitter.emit (events.js:191:7)
14 verbose stack     at ChildProcess.<anonymous> (C:\Program Files\nodejs\node_modules\npm\lib\utils\spawn.js:40:14)
14 verbose stack     at emitTwo (events.js:106:13)
14 verbose stack     at ChildProcess.emit (events.js:191:7)
14 verbose stack     at maybeClose (internal/child_process.js:891:16)
14 verbose stack     at Process.ChildProcess._handle.onexit (internal/child_process.js:226:5)
15 verbose pkgid startbootstrap-full-slider@4.1.1
16 verbose cwd C:\Temp\websites\fullwidthSlider\bootstrap
17 error Windows_NT 6.1.7601
18 error argv "C:\\Program Files\\nodejs\\node.exe" "C:\\Program Files\\nodejs\\node_modules\\npm\\bin\\npm-cli.js" "run" "gulp" "dev"
19 error node v6.11.2
20 error npm  v3.10.10
21 error code ELIFECYCLE
22 error startbootstrap-full-slider@4.1.1 gulp: `gulp "dev"`
22 error Exit status 3221225786
23 error Failed at the startbootstrap-full-slider@4.1.1 gulp script 'gulp "dev"'.
23 error Make sure you have the latest version of node.js and npm installed.
23 error If you do, this is most likely a problem with the startbootstrap-full-slider package,
23 error not with npm itself.
23 error Tell the author that this fails on your system:
23 error     gulp "dev"
23 error You can get information on how to open an issue for this project with:
23 error     npm bugs startbootstrap-full-slider
23 error Or if that isn't available, you can get their info via:
23 error     npm owner ls startbootstrap-full-slider
23 error There is likely additional logging output above.
24 verbose exit [ 1, true ]
